Test (2B): basic agreement ...
0060095 LEAD S2 timeout, starts election for T1
0060101 LEAD S1 timeout, starts election for T1
0060116 VOTE S0 votes for S2 in T1
0060143 TIMR S0 Resetting ELT by granting others in T1
0060145 VOTE S2 received vote from S0 (for T1) in T1
0060150 LEAD S2 achieved Majority for T1 (2), converting to leader
0060151 TIMR S2 Leader, checking heartbeats in T1
0060151 LOG1 S2 -> S1 Sending heartbeat in T1 {T:1 preLogIdx:0 preLogT:0 len:0 lCommit:0}
0060153 TIMR S2 Resetting ELT by winning an election in T1
0060155 LOG1 S2 -> S0 Sending heartbeat in T1 {T:1 preLogIdx:0 preLogT:0 len:0 lCommit:0}
0060174 TIMR S0 Resetting ELT by receiving an AppEnt in T1
0060178 TIMR S1 Resetting ELT by receiving an AppEnt in T1
0060841 CLNT S2 accepted Client's request in T1
0060846 LOG1 S2 appended log entry {term:1 cmd:100} at 1 in T1
0060846 LOG2 S2  Logs: [{0 <nil>} {1 100}]
0065154 TIMR S2 Leader, checking heartbeats in T1
0065161 LOG1 S2 -> S1 Sending (with heartbeat) in T1 {T:1 preLogIdx:0 preLogT:0 len:1 lCommit:0}
0065164 LOG1 S2 -> S0 Sending (with heartbeat) in T1 {T:1 preLogIdx:0 preLogT:0 len:1 lCommit:0}
0065175 LOG2 S1  After appended, Logs: [{0 <nil>} {1 100}]
0065182 LOG2 S0  After appended, Logs: [{0 <nil>} {1 100}]
0065192 TIMR S1 Resetting ELT by receiving an AppEnt in T1
0065194 TIMR S0 Resetting ELT by receiving an AppEnt in T1
0065988 CMIT S2 applies log at 1 (cmd: 100) in T1
0070271 TIMR S2 Leader, checking heartbeats in T1
0070280 LOG1 S2 -> S1 Sending heartbeat in T1 {T:1 preLogIdx:1 preLogT:1 len:0 lCommit:1}
0070283 LOG1 S2 -> S0 Sending heartbeat in T1 {T:1 preLogIdx:1 preLogT:1 len:0 lCommit:1}
0070295 CMIT S0 applies log at 1 (cmd: 100) in T1
0070295 CMIT S1 applies log at 1 (cmd: 100) in T1
0070313 TIMR S0 Resetting ELT by receiving an AppEnt in T1
0070313 TIMR S1 Resetting ELT by receiving an AppEnt in T1
0071112 CLNT S2 accepted Client's request in T1
0071117 LOG1 S2 appended log entry {term:1 cmd:200} at 2 in T1
0071117 LOG2 S2  Logs: [{0 <nil>} {1 100} {1 200}]
0075287 TIMR S2 Leader, checking heartbeats in T1
0075293 LOG1 S2 -> S1 Sending (with heartbeat) in T1 {T:1 preLogIdx:1 preLogT:1 len:1 lCommit:1}
0075296 LOG1 S2 -> S0 Sending (with heartbeat) in T1 {T:1 preLogIdx:1 preLogT:1 len:1 lCommit:1}
0075306 LOG2 S1  After appended, Logs: [{0 <nil>} {1 100} {1 200}]
0075306 LOG2 S0  After appended, Logs: [{0 <nil>} {1 100} {1 200}]
0075331 TIMR S1 Resetting ELT by receiving an AppEnt in T1
0075338 TIMR S0 Resetting ELT by receiving an AppEnt in T1
0076269 CMIT S2 applies log at 2 (cmd: 200) in T1
0080322 TIMR S2 Leader, checking heartbeats in T1
0080329 LOG1 S2 -> S1 Sending heartbeat in T1 {T:1 preLogIdx:2 preLogT:1 len:0 lCommit:2}
0080337 LOG1 S2 -> S0 Sending heartbeat in T1 {T:1 preLogIdx:2 preLogT:1 len:0 lCommit:2}
0080341 CMIT S1 applies log at 2 (cmd: 200) in T1
0080348 CMIT S0 applies log at 2 (cmd: 200) in T1
0080361 TIMR S1 Resetting ELT by receiving an AppEnt in T1
0080370 TIMR S0 Resetting ELT by receiving an AppEnt in T1
0081278 CLNT S2 accepted Client's request in T1
0081283 LOG1 S2 appended log entry {term:1 cmd:300} at 3 in T1
0081283 LOG2 S2  Logs: [{0 <nil>} {1 100} {1 200} {1 300}]
0085350 TIMR S2 Leader, checking heartbeats in T1
0085357 LOG1 S2 -> S1 Sending (with heartbeat) in T1 {T:1 preLogIdx:2 preLogT:1 len:1 lCommit:2}
0085358 LOG1 S2 -> S0 Sending (with heartbeat) in T1 {T:1 preLogIdx:2 preLogT:1 len:1 lCommit:2}
0085374 LOG2 S0  After appended, Logs: [{0 <nil>} {1 100} {1 200} {1 300}]
0085375 LOG2 S1  After appended, Logs: [{0 <nil>} {1 100} {1 200} {1 300}]
0085396 TIMR S0 Resetting ELT by receiving an AppEnt in T1
0085398 TIMR S1 Resetting ELT by receiving an AppEnt in T1
0086328 CMIT S2 applies log at 3 (cmd: 300) in T1
0090423 TIMR S2 Leader, checking heartbeats in T1
0090430 LOG1 S2 -> S1 Sending heartbeat in T1 {T:1 preLogIdx:3 preLogT:1 len:0 lCommit:3}
0090434 LOG1 S2 -> S0 Sending heartbeat in T1 {T:1 preLogIdx:3 preLogT:1 len:0 lCommit:3}
0090441 CMIT S1 applies log at 3 (cmd: 300) in T1
0090445 CMIT S0 applies log at 3 (cmd: 300) in T1
0090464 TIMR S1 Resetting ELT by receiving an AppEnt in T1
0090468 TIMR S0 Resetting ELT by receiving an AppEnt in T1
  ... Passed --   0.9  3   18    5590    3
PASS
ok  	6.5840/raft	0.916s
