Test (2A): multiple elections ...
004266 LEAD S0 timeout, starts election T1
004273 LEAD S1 timeout, starts election T1
004275 VOTE S4 votes for S0 in T1
004277 VOTE S5 votes for S0 in T1
004278 TIMR S5 Resetting ELT by granting others in T1
004278 VOTE S0 received vote from S4 in T1
004278 VOTE S3 votes for S1 in T1
004279 TIMR S4 Resetting ELT by granting others in T1
004279 TIMR S3 Resetting ELT by granting others in T1
004280 LEAD S3 timeout, starts election T2
004282 VOTE S1 received vote from S3 in T1
004286 VOTE S5 votes for S3 in T2
004288 VOTE S3 received vote from S5 in T2
004288 VOTE S2 votes for S0 in T1
004289 TIMR S2 Resetting ELT by granting others in T1
004290 VOTE S4 votes for S3 in T2
004291 VOTE S6 votes for S0 in T1
004291 VOTE S6 votes for S3 in T2
004292 VOTE S1 stepping down from candidate in T2
004292 TIMR S5 Resetting ELT by granting others in T2
004292 VOTE S1 votes for S3 in T2
004293 VOTE S0 stepping down from candidate in T2
004293 VOTE S0 votes for S3 in T2
004294 VOTE S3 received vote from S1 in T2
004294 VOTE S0 received vote from S5 in T2
004295 VOTE S0 received vote from S6 in T2
004295 VOTE S3 received vote from S0 in T2
004295 LEAD S3 achieved Majority for T2 (4), converting to leader
004295 TIMR S3 Leader, checking heartbeats in T2
004296 VOTE S2 votes for S3 in T2
004296 LOG1 S3 -> S0 Sending heartbeat {preLogIdx:0 preLogTerm:0 len:0 lCommit:0 }
004297 TIMR S2 Resetting ELT by granting others in T2
004299 VOTE S3 received vote from S2 in T2
004295 LEAD S0 achieved Majority for T2 (4), converting to leader
004299 TIMR S4 Resetting ELT by granting others in T2
004293 TIMR S6 Resetting ELT by granting others in T2
004300 TIMR S6 Resetting ELT by granting others in T2
004300 LOG1 S3 -> S4 Sending heartbeat {preLogIdx:0 preLogTerm:0 len:0 lCommit:0 }
004297 TIMR S1 Resetting ELT by granting others in T2
004301 TIMR S3 Resetting ELT, by winning an election in T2
004301 LOG1 S3 -> S5 Sending heartbeat {preLogIdx:0 preLogTerm:0 len:0 lCommit:0 }
004301 LOG1 S3 -> S1 Sending heartbeat {preLogIdx:0 preLogTerm:0 len:0 lCommit:0 }
004302 LOG1 S3 -> S6 Sending heartbeat {preLogIdx:0 preLogTerm:0 len:0 lCommit:0 }
004302 VOTE S3 received vote from S4 in T2
004302 LOG1 S3 -> S2 Sending heartbeat {preLogIdx:0 preLogTerm:0 len:0 lCommit:0 }
004303 LEAD S6 timeout, starts election T3
004306 VOTE S3 received vote from S6 in T2
004309 VOTE S4 votes for S6 in T3
004310 VOTE S2 votes for S6 in T3
004310 VOTE S3 stepping down from leader in T3
004310 VOTE S3 votes for S6 in T3
004311 VOTE S6 received vote from S2 in T3
004311 TIMR S4 Resetting ELT by granting others in T3
004311 TIMR S2 Resetting ELT by granting others in T3
004312 VOTE S6 received vote from S4 in T3
004312 TIMR S3 Resetting ELT by granting others in T3
004313 VOTE S6 received vote from S3 in T3
004313 LEAD S6 achieved Majority for T3 (4), converting to leader
004313 TIMR S6 Resetting ELT, by winning an election in T3
004313 VOTE S1 votes for S6 in T3
004314 TIMR S5 Resetting ELT, received AppEnt in T2
004314 TIMR S6 Leader, checking heartbeats in T3
004314 TIMR S1 Resetting ELT by granting others in T3
004315 LOG1 S6 -> S1 Sending heartbeat {preLogIdx:0 preLogTerm:0 len:0 lCommit:0 }
004316 VOTE S5 votes for S6 in T3
004316 LOG1 S6 -> S2 Sending heartbeat {preLogIdx:0 preLogTerm:0 len:0 lCommit:0 }
004317 LOG1 S6 -> S4 Sending heartbeat {preLogIdx:0 preLogTerm:0 len:0 lCommit:0 }
004318 LOG1 S6 -> S5 Sending heartbeat {preLogIdx:0 preLogTerm:0 len:0 lCommit:0 }
004319 LOG1 S6 -> S3 Sending heartbeat {preLogIdx:0 preLogTerm:0 len:0 lCommit:0 }
004320 LOG1 S6 -> S0 Sending heartbeat {preLogIdx:0 preLogTerm:0 len:0 lCommit:0 }
004320 VOTE S6 received vote from S1 in T3
004320 TIMR S5 Resetting ELT by granting others in T3
004322 VOTE S6 received vote from S5 in T3
004325 TIMR S2 Resetting ELT, received AppEnt in T3
004325 TIMR S1 Resetting ELT, received AppEnt in T3
004325 TIMR S4 Resetting ELT, received AppEnt in T3
004326 TIMR S3 Resetting ELT, received AppEnt in T3
004328 TIMR S5 Resetting ELT, received AppEnt in T3
004819 TIMR S6 Leader, checking heartbeats in T3
004821 LOG1 S6 -> S2 Sending heartbeat {preLogIdx:0 preLogTerm:0 len:0 lCommit:0 }
004821 LOG1 S6 -> S3 Sending heartbeat {preLogIdx:0 preLogTerm:0 len:0 lCommit:0 }
004821 LOG1 S6 -> S5 Sending heartbeat {preLogIdx:0 preLogTerm:0 len:0 lCommit:0 }
004821 LOG1 S6 -> S4 Sending heartbeat {preLogIdx:0 preLogTerm:0 len:0 lCommit:0 }
004823 LOG1 S6 -> S1 Sending heartbeat {preLogIdx:0 preLogTerm:0 len:0 lCommit:0 }
004823 LOG1 S6 -> S0 Sending heartbeat {preLogIdx:0 preLogTerm:0 len:0 lCommit:0 }
004827 TIMR S4 Resetting ELT, received AppEnt in T3
004828 TIMR S2 Resetting ELT, received AppEnt in T3
004829 TIMR S1 Resetting ELT, received AppEnt in T3
004831 TIMR S3 Resetting ELT, received AppEnt in T3
004831 TIMR S5 Resetting ELT, received AppEnt in T3
005322 TIMR S6 Leader, checking heartbeats in T3
005323 LOG1 S6 -> S2 Sending heartbeat {preLogIdx:0 preLogTerm:0 len:0 lCommit:0 }
005324 LOG1 S6 -> S3 Sending heartbeat {preLogIdx:0 preLogTerm:0 len:0 lCommit:0 }
005324 LOG1 S6 -> S4 Sending heartbeat {preLogIdx:0 preLogTerm:0 len:0 lCommit:0 }
005324 LOG1 S6 -> S5 Sending heartbeat {preLogIdx:0 preLogTerm:0 len:0 lCommit:0 }
005326 LOG1 S6 -> S1 Sending heartbeat {preLogIdx:0 preLogTerm:0 len:0 lCommit:0 }
005326 LOG1 S6 -> S0 Sending heartbeat {preLogIdx:0 preLogTerm:0 len:0 lCommit:0 }
005327 TIMR S2 Resetting ELT, received AppEnt in T3
005328 TIMR S4 Resetting ELT, received AppEnt in T3
005330 TIMR S1 Resetting ELT, received AppEnt in T3
005331 TIMR S5 Resetting ELT, received AppEnt in T3
005332 TIMR S3 Resetting ELT, received AppEnt in T3
005830 TIMR S6 Leader, checking heartbeats in T3
005831 LOG1 S6 -> S5 Sending heartbeat {preLogIdx:0 preLogTerm:0 len:0 lCommit:0 }
005831 LOG1 S6 -> S0 Sending heartbeat {preLogIdx:0 preLogTerm:0 len:0 lCommit:0 }
005832 LOG1 S6 -> S1 Sending heartbeat {preLogIdx:0 preLogTerm:0 len:0 lCommit:0 }
005832 LOG1 S6 -> S4 Sending heartbeat {preLogIdx:0 preLogTerm:0 len:0 lCommit:0 }
005833 LOG1 S6 -> S3 Sending heartbeat {preLogIdx:0 preLogTerm:0 len:0 lCommit:0 }
005833 LOG1 S6 -> S2 Sending heartbeat {preLogIdx:0 preLogTerm:0 len:0 lCommit:0 }
005837 TIMR S1 Resetting ELT, received AppEnt in T3
005839 TIMR S4 Resetting ELT, received AppEnt in T3
005839 TIMR S5 Resetting ELT, received AppEnt in T3
005840 TIMR S3 Resetting ELT, received AppEnt in T3
005841 TIMR S2 Resetting ELT, received AppEnt in T3
006338 TIMR S6 Leader, checking heartbeats in T3
006339 LOG1 S6 -> S5 Sending heartbeat {preLogIdx:0 preLogTerm:0 len:0 lCommit:0 }
006339 LOG1 S6 -> S0 Sending heartbeat {preLogIdx:0 preLogTerm:0 len:0 lCommit:0 }
006339 LOG1 S6 -> S3 Sending heartbeat {preLogIdx:0 preLogTerm:0 len:0 lCommit:0 }
006339 LOG1 S6 -> S2 Sending heartbeat {preLogIdx:0 preLogTerm:0 len:0 lCommit:0 }
006340 LOG1 S6 -> S4 Sending heartbeat {preLogIdx:0 preLogTerm:0 len:0 lCommit:0 }
006341 LOG1 S6 -> S1 Sending heartbeat {preLogIdx:0 preLogTerm:0 len:0 lCommit:0 }
006343 TIMR S1 Resetting ELT, received AppEnt in T3
006344 TIMR S4 Resetting ELT, received AppEnt in T3
006344 TIMR S5 Resetting ELT, received AppEnt in T3
006345 TIMR S3 Resetting ELT, received AppEnt in T3
006346 TIMR S2 Resetting ELT, received AppEnt in T3
006845 TIMR S6 Leader, checking heartbeats in T3
006846 LOG1 S6 -> S5 Sending heartbeat {preLogIdx:0 preLogTerm:0 len:0 lCommit:0 }
006846 LOG1 S6 -> S4 Sending heartbeat {preLogIdx:0 preLogTerm:0 len:0 lCommit:0 }
006846 LOG1 S6 -> S3 Sending heartbeat {preLogIdx:0 preLogTerm:0 len:0 lCommit:0 }
006846 LOG1 S6 -> S2 Sending heartbeat {preLogIdx:0 preLogTerm:0 len:0 lCommit:0 }
006846 LOG1 S6 -> S1 Sending heartbeat {preLogIdx:0 preLogTerm:0 len:0 lCommit:0 }
006846 LOG1 S6 -> S0 Sending heartbeat {preLogIdx:0 preLogTerm:0 len:0 lCommit:0 }
006850 TIMR S2 Resetting ELT, received AppEnt in T3
006850 TIMR S5 Resetting ELT, received AppEnt in T3
006851 TIMR S4 Resetting ELT, received AppEnt in T3
006854 TIMR S3 Resetting ELT, received AppEnt in T3
006855 TIMR S1 Resetting ELT, received AppEnt in T3
007353 TIMR S6 Leader, checking heartbeats in T3
007354 LOG1 S6 -> S3 Sending heartbeat {preLogIdx:0 preLogTerm:0 len:0 lCommit:0 }
007354 LOG1 S6 -> S2 Sending heartbeat {preLogIdx:0 preLogTerm:0 len:0 lCommit:0 }
007355 LOG1 S6 -> S1 Sending heartbeat {preLogIdx:0 preLogTerm:0 len:0 lCommit:0 }
007355 LOG1 S6 -> S4 Sending heartbeat {preLogIdx:0 preLogTerm:0 len:0 lCommit:0 }
007356 LOG1 S6 -> S5 Sending heartbeat {preLogIdx:0 preLogTerm:0 len:0 lCommit:0 }
007357 LOG1 S6 -> S0 Sending heartbeat {preLogIdx:0 preLogTerm:0 len:0 lCommit:0 }
007360 TIMR S2 Resetting ELT, received AppEnt in T3
007361 TIMR S3 Resetting ELT, received AppEnt in T3
007361 TIMR S4 Resetting ELT, received AppEnt in T3
007362 TIMR S1 Resetting ELT, received AppEnt in T3
007365 TIMR S5 Resetting ELT, received AppEnt in T3
007865 TIMR S6 Leader, checking heartbeats in T3
007865 LOG1 S6 -> S0 Sending heartbeat {preLogIdx:0 preLogTerm:0 len:0 lCommit:0 }
007866 LOG1 S6 -> S1 Sending heartbeat {preLogIdx:0 preLogTerm:0 len:0 lCommit:0 }
007866 LOG1 S6 -> S3 Sending heartbeat {preLogIdx:0 preLogTerm:0 len:0 lCommit:0 }
007867 LOG1 S6 -> S2 Sending heartbeat {preLogIdx:0 preLogTerm:0 len:0 lCommit:0 }
007867 LOG1 S6 -> S4 Sending heartbeat {preLogIdx:0 preLogTerm:0 len:0 lCommit:0 }
007865 LOG1 S6 -> S5 Sending heartbeat {preLogIdx:0 preLogTerm:0 len:0 lCommit:0 }
007869 TIMR S4 Resetting ELT, received AppEnt in T3
007871 TIMR S2 Resetting ELT, received AppEnt in T3
007871 TIMR S5 Resetting ELT, received AppEnt in T3
007873 TIMR S1 Resetting ELT, received AppEnt in T3
007873 TIMR S3 Resetting ELT, received AppEnt in T3
008368 TIMR S6 Leader, checking heartbeats in T3
008369 LOG1 S6 -> S5 Sending heartbeat {preLogIdx:0 preLogTerm:0 len:0 lCommit:0 }
008370 LOG1 S6 -> S2 Sending heartbeat {preLogIdx:0 preLogTerm:0 len:0 lCommit:0 }
008370 LOG1 S6 -> S1 Sending heartbeat {preLogIdx:0 preLogTerm:0 len:0 lCommit:0 }
008370 LOG1 S6 -> S3 Sending heartbeat {preLogIdx:0 preLogTerm:0 len:0 lCommit:0 }
008369 LOG1 S6 -> S0 Sending heartbeat {preLogIdx:0 preLogTerm:0 len:0 lCommit:0 }
008370 LOG1 S6 -> S4 Sending heartbeat {preLogIdx:0 preLogTerm:0 len:0 lCommit:0 }
008373 TIMR S3 Resetting ELT, received AppEnt in T3
008375 TIMR S4 Resetting ELT, received AppEnt in T3
008375 TIMR S1 Resetting ELT, received AppEnt in T3
008373 TIMR S2 Resetting ELT, received AppEnt in T3
008375 TIMR S5 Resetting ELT, received AppEnt in T3
008878 TIMR S6 Leader, checking heartbeats in T3
008878 LOG1 S6 -> S3 Sending heartbeat {preLogIdx:0 preLogTerm:0 len:0 lCommit:0 }
008879 LOG1 S6 -> S2 Sending heartbeat {preLogIdx:0 preLogTerm:0 len:0 lCommit:0 }
008879 LOG1 S6 -> S1 Sending heartbeat {preLogIdx:0 preLogTerm:0 len:0 lCommit:0 }
008879 LOG1 S6 -> S4 Sending heartbeat {preLogIdx:0 preLogTerm:0 len:0 lCommit:0 }
008880 LOG1 S6 -> S5 Sending heartbeat {preLogIdx:0 preLogTerm:0 len:0 lCommit:0 }
008880 LOG1 S6 -> S0 Sending heartbeat {preLogIdx:0 preLogTerm:0 len:0 lCommit:0 }
008883 TIMR S3 Resetting ELT, received AppEnt in T3
008883 TIMR S2 Resetting ELT, received AppEnt in T3
008884 TIMR S5 Resetting ELT, received AppEnt in T3
008885 TIMR S1 Resetting ELT, received AppEnt in T3
008885 TIMR S4 Resetting ELT, received AppEnt in T3
009387 TIMR S6 Leader, checking heartbeats in T3
009388 LOG1 S6 -> S3 Sending heartbeat {preLogIdx:0 preLogTerm:0 len:0 lCommit:0 }
009388 LOG1 S6 -> S2 Sending heartbeat {preLogIdx:0 preLogTerm:0 len:0 lCommit:0 }
009388 LOG1 S6 -> S1 Sending heartbeat {preLogIdx:0 preLogTerm:0 len:0 lCommit:0 }
009389 LOG1 S6 -> S0 Sending heartbeat {preLogIdx:0 preLogTerm:0 len:0 lCommit:0 }
009390 LOG1 S6 -> S4 Sending heartbeat {preLogIdx:0 preLogTerm:0 len:0 lCommit:0 }
009390 LOG1 S6 -> S5 Sending heartbeat {preLogIdx:0 preLogTerm:0 len:0 lCommit:0 }
009392 TIMR S3 Resetting ELT, received AppEnt in T3
009392 TIMR S1 Resetting ELT, received AppEnt in T3
009393 TIMR S5 Resetting ELT, received AppEnt in T3
009395 TIMR S4 Resetting ELT, received AppEnt in T3
009396 TIMR S2 Resetting ELT, received AppEnt in T3
009897 TIMR S6 Leader, checking heartbeats in T3
009898 LOG1 S6 -> S1 Sending heartbeat {preLogIdx:0 preLogTerm:0 len:0 lCommit:0 }
009898 LOG1 S6 -> S0 Sending heartbeat {preLogIdx:0 preLogTerm:0 len:0 lCommit:0 }
009898 LOG1 S6 -> S4 Sending heartbeat {preLogIdx:0 preLogTerm:0 len:0 lCommit:0 }
009899 LOG1 S6 -> S2 Sending heartbeat {preLogIdx:0 preLogTerm:0 len:0 lCommit:0 }
009898 LOG1 S6 -> S3 Sending heartbeat {preLogIdx:0 preLogTerm:0 len:0 lCommit:0 }
009898 LOG1 S6 -> S5 Sending heartbeat {preLogIdx:0 preLogTerm:0 len:0 lCommit:0 }
009902 TIMR S3 Resetting ELT, received AppEnt in T3
009904 TIMR S5 Resetting ELT, received AppEnt in T3
009904 TIMR S1 Resetting ELT, received AppEnt in T3
009904 TIMR S2 Resetting ELT, received AppEnt in T3
009906 TIMR S4 Resetting ELT, received AppEnt in T3
010404 TIMR S6 Leader, checking heartbeats in T3
010405 LOG1 S6 -> S5 Sending heartbeat {preLogIdx:0 preLogTerm:0 len:0 lCommit:0 }
010405 LOG1 S6 -> S0 Sending heartbeat {preLogIdx:0 preLogTerm:0 len:0 lCommit:0 }
010406 LOG1 S6 -> S2 Sending heartbeat {preLogIdx:0 preLogTerm:0 len:0 lCommit:0 }
010406 LOG1 S6 -> S4 Sending heartbeat {preLogIdx:0 preLogTerm:0 len:0 lCommit:0 }
010405 LOG1 S6 -> S1 Sending heartbeat {preLogIdx:0 preLogTerm:0 len:0 lCommit:0 }
010406 LOG1 S6 -> S3 Sending heartbeat {preLogIdx:0 preLogTerm:0 len:0 lCommit:0 }
010410 TIMR S5 Resetting ELT, received AppEnt in T3
010410 TIMR S2 Resetting ELT, received AppEnt in T3
010412 TIMR S3 Resetting ELT, received AppEnt in T3
010413 TIMR S4 Resetting ELT, received AppEnt in T3
010415 TIMR S1 Resetting ELT, received AppEnt in T3
010908 TIMR S6 Leader, checking heartbeats in T3
010909 LOG1 S6 -> S4 Sending heartbeat {preLogIdx:0 preLogTerm:0 len:0 lCommit:0 }
010909 LOG1 S6 -> S0 Sending heartbeat {preLogIdx:0 preLogTerm:0 len:0 lCommit:0 }
010909 LOG1 S6 -> S3 Sending heartbeat {preLogIdx:0 preLogTerm:0 len:0 lCommit:0 }
010909 LOG1 S6 -> S2 Sending heartbeat {preLogIdx:0 preLogTerm:0 len:0 lCommit:0 }
010910 LOG1 S6 -> S5 Sending heartbeat {preLogIdx:0 preLogTerm:0 len:0 lCommit:0 }
010911 LOG1 S6 -> S1 Sending heartbeat {preLogIdx:0 preLogTerm:0 len:0 lCommit:0 }
010913 TIMR S2 Resetting ELT, received AppEnt in T3
010913 TIMR S5 Resetting ELT, received AppEnt in T3
010915 TIMR S1 Resetting ELT, received AppEnt in T3
010915 TIMR S3 Resetting ELT, received AppEnt in T3
010915 TIMR S4 Resetting ELT, received AppEnt in T3
011413 TIMR S6 Leader, checking heartbeats in T3
011414 LOG1 S6 -> S5 Sending heartbeat {preLogIdx:0 preLogTerm:0 len:0 lCommit:0 }
011414 LOG1 S6 -> S0 Sending heartbeat {preLogIdx:0 preLogTerm:0 len:0 lCommit:0 }
011414 LOG1 S6 -> S3 Sending heartbeat {preLogIdx:0 preLogTerm:0 len:0 lCommit:0 }
011414 LOG1 S6 -> S2 Sending heartbeat {preLogIdx:0 preLogTerm:0 len:0 lCommit:0 }
011415 LOG1 S6 -> S4 Sending heartbeat {preLogIdx:0 preLogTerm:0 len:0 lCommit:0 }
011414 LOG1 S6 -> S1 Sending heartbeat {preLogIdx:0 preLogTerm:0 len:0 lCommit:0 }
011419 TIMR S2 Resetting ELT, received AppEnt in T3
011419 TIMR S5 Resetting ELT, received AppEnt in T3
011420 TIMR S1 Resetting ELT, received AppEnt in T3
011420 TIMR S4 Resetting ELT, received AppEnt in T3
011423 TIMR S3 Resetting ELT, received AppEnt in T3
011921 TIMR S6 Leader, checking heartbeats in T3
011922 LOG1 S6 -> S4 Sending heartbeat {preLogIdx:0 preLogTerm:0 len:0 lCommit:0 }
011922 LOG1 S6 -> S0 Sending heartbeat {preLogIdx:0 preLogTerm:0 len:0 lCommit:0 }
011922 LOG1 S6 -> S3 Sending heartbeat {preLogIdx:0 preLogTerm:0 len:0 lCommit:0 }
011922 LOG1 S6 -> S1 Sending heartbeat {preLogIdx:0 preLogTerm:0 len:0 lCommit:0 }
011923 LOG1 S6 -> S2 Sending heartbeat {preLogIdx:0 preLogTerm:0 len:0 lCommit:0 }
011923 LOG1 S6 -> S5 Sending heartbeat {preLogIdx:0 preLogTerm:0 len:0 lCommit:0 }
011926 TIMR S5 Resetting ELT, received AppEnt in T3
011926 TIMR S4 Resetting ELT, received AppEnt in T3
011927 TIMR S1 Resetting ELT, received AppEnt in T3
011927 TIMR S3 Resetting ELT, received AppEnt in T3
011928 TIMR S2 Resetting ELT, received AppEnt in T3
012428 TIMR S6 Leader, checking heartbeats in T3
012429 LOG1 S6 -> S3 Sending heartbeat {preLogIdx:0 preLogTerm:0 len:0 lCommit:0 }
012429 LOG1 S6 -> S0 Sending heartbeat {preLogIdx:0 preLogTerm:0 len:0 lCommit:0 }
012429 LOG1 S6 -> S1 Sending heartbeat {preLogIdx:0 preLogTerm:0 len:0 lCommit:0 }
012429 LOG1 S6 -> S4 Sending heartbeat {preLogIdx:0 preLogTerm:0 len:0 lCommit:0 }
012429 LOG1 S6 -> S2 Sending heartbeat {preLogIdx:0 preLogTerm:0 len:0 lCommit:0 }
012431 LOG1 S6 -> S5 Sending heartbeat {preLogIdx:0 preLogTerm:0 len:0 lCommit:0 }
012433 TIMR S2 Resetting ELT, received AppEnt in T3
012434 TIMR S5 Resetting ELT, received AppEnt in T3
012435 TIMR S3 Resetting ELT, received AppEnt in T3
012435 TIMR S4 Resetting ELT, received AppEnt in T3
012437 TIMR S1 Resetting ELT, received AppEnt in T3
012936 TIMR S6 Leader, checking heartbeats in T3
012937 LOG1 S6 -> S4 Sending heartbeat {preLogIdx:0 preLogTerm:0 len:0 lCommit:0 }
012937 LOG1 S6 -> S0 Sending heartbeat {preLogIdx:0 preLogTerm:0 len:0 lCommit:0 }
012937 LOG1 S6 -> S2 Sending heartbeat {preLogIdx:0 preLogTerm:0 len:0 lCommit:0 }
012937 LOG1 S6 -> S1 Sending heartbeat {preLogIdx:0 preLogTerm:0 len:0 lCommit:0 }
012938 LOG1 S6 -> S5 Sending heartbeat {preLogIdx:0 preLogTerm:0 len:0 lCommit:0 }
012938 LOG1 S6 -> S3 Sending heartbeat {preLogIdx:0 preLogTerm:0 len:0 lCommit:0 }
012941 TIMR S4 Resetting ELT, received AppEnt in T3
012942 TIMR S1 Resetting ELT, received AppEnt in T3
012942 TIMR S5 Resetting ELT, received AppEnt in T3
012942 TIMR S2 Resetting ELT, received AppEnt in T3
012944 TIMR S3 Resetting ELT, received AppEnt in T3
013448 TIMR S6 Leader, checking heartbeats in T3
013449 LOG1 S6 -> S4 Sending heartbeat {preLogIdx:0 preLogTerm:0 len:0 lCommit:0 }
013449 LOG1 S6 -> S2 Sending heartbeat {preLogIdx:0 preLogTerm:0 len:0 lCommit:0 }
013449 LOG1 S6 -> S3 Sending heartbeat {preLogIdx:0 preLogTerm:0 len:0 lCommit:0 }
013449 LOG1 S6 -> S0 Sending heartbeat {preLogIdx:0 preLogTerm:0 len:0 lCommit:0 }
013450 LOG1 S6 -> S5 Sending heartbeat {preLogIdx:0 preLogTerm:0 len:0 lCommit:0 }
013451 LOG1 S6 -> S1 Sending heartbeat {preLogIdx:0 preLogTerm:0 len:0 lCommit:0 }
013454 TIMR S5 Resetting ELT, received AppEnt in T3
013454 TIMR S2 Resetting ELT, received AppEnt in T3
013455 TIMR S1 Resetting ELT, received AppEnt in T3
013457 TIMR S3 Resetting ELT, received AppEnt in T3
013457 TIMR S4 Resetting ELT, received AppEnt in T3
013956 TIMR S6 Leader, checking heartbeats in T3
013957 LOG1 S6 -> S2 Sending heartbeat {preLogIdx:0 preLogTerm:0 len:0 lCommit:0 }
013958 LOG1 S6 -> S4 Sending heartbeat {preLogIdx:0 preLogTerm:0 len:0 lCommit:0 }
013958 LOG1 S6 -> S1 Sending heartbeat {preLogIdx:0 preLogTerm:0 len:0 lCommit:0 }
013958 LOG1 S6 -> S3 Sending heartbeat {preLogIdx:0 preLogTerm:0 len:0 lCommit:0 }
013957 LOG1 S6 -> S5 Sending heartbeat {preLogIdx:0 preLogTerm:0 len:0 lCommit:0 }
013959 LOG1 S6 -> S0 Sending heartbeat {preLogIdx:0 preLogTerm:0 len:0 lCommit:0 }